<?xml version="1.0" encoding="UTF-8"?>
<testng-results ignored="0" total="1" passed="1" failed="0" skipped="0">
  <reporter-output>
  </reporter-output>
  <suite started-at="2024-03-15T12:41:46 IST" name="Default suite" finished-at="2024-03-15T12:41:46 IST" duration-ms="75">
    <groups>
    </groups>
    <test started-at="2024-03-15T12:41:46 IST" name="Default test" finished-at="2024-03-15T12:41:46 IST" duration-ms="75">
      <class name="practiceTestNg.test">
        <test-method signature="TesstNG()[pri:0, instance:practiceTestNg.test@1e1a0406]" started-at="2024-03-15T12:41:46 IST" name="TesstNG" finished-at="2024-03-15T12:41:46 IST" duration-ms="13" status="PASS">
          <reporter-output>
          </reporter-output>
        </test-method> <!-- TesstNG -->
      </class> <!-- practiceTestNg.test -->
    </test> <!-- Default test -->
  </suite> <!-- Default suite -->
</testng-results>
